<?xml version="1.0" encoding="UTF-8"?>
<!-- Generated by org.testng.reporters.JUnitReportReporter -->
<testsuite hostname="DESKTOP-GKGIIO5" failures="0" tests="1" name="maventest.Marine_test" time="18.259" errors="0" timestamp="2023-10-08T11:04:16 IST" skipped="0">
  <testcase classname="maventest.Marine_test" name="test" time="18.259"/>
</testsuite> <!-- maventest.Marine_test -->
