<?xml version="1.0" encoding="UTF-8"?>
<!-- Generated by org.testng.reporters.JUnitReportReporter -->
<testsuite hostname="DESKTOP-GKGIIO5" failures="0" tests="1" name="maventest.Saucedemotest" time="3.761" errors="0" timestamp="2023-10-10T13:01:45 IST" skipped="0">
  <testcase classname="maventest.Saucedemotest" name="test" time="3.761"/>
</testsuite> <!-- maventest.Saucedemotest -->
